c:\users\brianc\tmp\yara\yara-java\target\generated-sources\hawtjni\native-package\target\win32-debug\obj\vc140.pdb
c:\users\brianc\tmp\yara\yara-java\target\generated-sources\hawtjni\native-package\target\win32-debug\obj\vc140.idb
c:\users\brianc\tmp\yara\yara-java\target\generated-sources\hawtjni\native-package\target\win32-debug\obj\hawtjni-callback.obj
c:\users\brianc\tmp\yara\yara-java\target\generated-sources\hawtjni\native-package\target\win32-debug\obj\hawtjni.obj
c:\users\brianc\tmp\yara\yara-java\target\generated-sources\hawtjni\native-package\target\win32-debug\obj\yara-wrapper.obj
c:\users\brianc\tmp\yara\yara-java\target\generated-sources\hawtjni\native-package\target\win32-debug\obj\yara-wrapper_stats.obj
c:\users\brianc\tmp\yara\yara-java\target\generated-sources\hawtjni\native-package\target\win32-debug\obj\yara-wrapper_structs.obj
c:\users\brianc\tmp\yara\yara-java\target\generated-sources\hawtjni\native-package\target\win32-debug\lib\yara-wrapper.ilk
c:\users\brianc\tmp\yara\yara-java\target\generated-sources\hawtjni\native-package\target\win32-debug\lib\yara-wrapper.dll
c:\users\brianc\tmp\yara\yara-java\target\generated-sources\hawtjni\native-package\target\win32-debug\lib\yara-wrapper.pdb
c:\users\brianc\tmp\yara\yara-java\target\generated-sources\hawtjni\native-package\target\win32-debug\lib\yara-wrapper.lib
c:\users\brianc\tmp\yara\yara-java\target\generated-sources\hawtjni\native-package\target\win32-debug\lib\yara-wrapper.exp
c:\users\brianc\tmp\yara\yara-java\target\generated-sources\hawtjni\native-package\/target/win32-debug/lib\yara-wrapper.pdb
c:\users\brianc\tmp\yara\yara-java\target\generated-sources\hawtjni\native-package\/target/win32-debug/lib\yara-wrapper.dll
c:\users\brianc\tmp\yara\yara-java\target\generated-sources\hawtjni\native-package\/target/win32-debug/lib\yara-wrapper.ilk
c:\users\brianc\tmp\yara\yara-java\target\generated-sources\hawtjni\native-package\target\win32-debug\obj\yara-wrapper.tlog\cl.command.1.tlog
c:\users\brianc\tmp\yara\yara-java\target\generated-sources\hawtjni\native-package\target\win32-debug\obj\yara-wrapper.tlog\cl.read.1.tlog
c:\users\brianc\tmp\yara\yara-java\target\generated-sources\hawtjni\native-package\target\win32-debug\obj\yara-wrapper.tlog\cl.write.1.tlog
c:\users\brianc\tmp\yara\yara-java\target\generated-sources\hawtjni\native-package\target\win32-debug\obj\yara-wrapper.tlog\link.command.1.tlog
c:\users\brianc\tmp\yara\yara-java\target\generated-sources\hawtjni\native-package\target\win32-debug\obj\yara-wrapper.tlog\link.read.1.tlog
c:\users\brianc\tmp\yara\yara-java\target\generated-sources\hawtjni\native-package\target\win32-debug\obj\yara-wrapper.tlog\link.write.1.tlog
c:\users\brianc\tmp\yara\yara-java\target\generated-sources\hawtjni\native-package\target\win32-debug\obj\yara-wrapper.tlog\yara-wrapper.write.1u.tlog
